<?xml version="1.0" encoding="UTF-8"?>
<testsuite xmlns:xsi="http://www.w3.org/2001/XMLSchema-instance" xsi:noNamespaceSchemaLocation="https://maven.apache.org/surefire/maven-surefire-plugin/xsd/surefire-test-report-3.0.xsd" version="3.0" name="fr.sdv.cnit.university.api.TpTeamsHandlingApiApplicationTests" time="4.708" tests="1" errors="0" skipped="0" failures="0">
  <properties>
[...]
</properties>
  <testcase name="contextLoads" classname="fr.sdv.cnit.university.api.TpTeamsHandlingApiApplicationTests" time="0.77">
    <system-out><![CDATA[11:55:47.120 [main] INFO org.springframework.test.context.support.AnnotationConfigContextLoaderUtils -- Could not detect default configuration classes for test class [fr.sdv.cnit.university.api.TpTeamsHandlingApiApplicationTests]: TpTeamsHandlingApiApplicationTests does not declare any static, non-private, non-final, nested classes annotated with @Configuration.
11:55:47.241 [main] INFO org.springframework.boot.test.context.SpringBootTestContextBootstrapper -- Found @SpringBootConfiguration fr.sdv.cnit.university.api.TpTeamsHandlingApiApplication for test class fr.sdv.cnit.university.api.TpTeamsHandlingApiApplicationTests

  .   ____          _            __ _ _
 /\\ / ___'_ __ _ _(_)_ __  __ _ \ \ \ \
( ( )\___ | '_ | '_| | '_ \/ _` | \ \ \ \
 \\/  ___)| |_)| | | | | || (_| |  ) ) ) )
  '  |____| .__|_| |_|_| |_\__, | / / / /
 =========|_|==============|___/=/_/_/_/
 :: Spring Boot ::                (v3.2.0)

2023-11-25T11:55:47.757+01:00  INFO 8093 --- [           main] c.u.a.TpTeamsHandlingApiApplicationTests : Starting TpTeamsHandlingApiApplicationTests using Java 17.0.7 with PID 8093 (started by massire in /Users/massire/Documents/dev/Java/tp-teams-handling-api)
2023-11-25T11:55:47.759+01:00  INFO 8093 --- [           main] c.u.a.TpTeamsHandlingApiApplicationTests : No active profile set, falling back to 1 default profile: "default"
2023-11-25T11:55:48.717+01:00  INFO 8093 --- [           main] .s.d.r.c.RepositoryConfigurationDelegate : Bootstrapping Spring Data JPA repositories in DEFAULT mode.
2023-11-25T11:55:48.738+01:00  INFO 8093 --- [           main] .s.d.r.c.RepositoryConfigurationDelegate : Finished Spring Data repository scanning in 15 ms. Found 0 JPA repository interfaces.
2023-11-25T11:55:49.401+01:00  INFO 8093 --- [           main] com.zaxxer.hikari.HikariDataSource       : HikariPool-1 - Starting...
2023-11-25T11:55:49.527+01:00  INFO 8093 --- [           main] com.zaxxer.hikari.pool.HikariPool        : HikariPool-1 - Added connection conn0: url=jdbc:h2:mem:82bc9abb-c133-4766-a82b-44782cd6e7cd user=SA
2023-11-25T11:55:49.528+01:00  INFO 8093 --- [           main] com.zaxxer.hikari.HikariDataSource       : HikariPool-1 - Start completed.
2023-11-25T11:55:49.592+01:00  INFO 8093 --- [           main] o.hibernate.jpa.internal.util.LogHelper  : HHH000204: Processing PersistenceUnitInfo [name: default]
2023-11-25T11:55:49.645+01:00  INFO 8093 --- [           main] org.hibernate.Version                    : HHH000412: Hibernate ORM core version 6.3.1.Final
2023-11-25T11:55:49.689+01:00  INFO 8093 --- [           main] o.h.c.internal.RegionFactoryInitiator    : HHH000026: Second-level cache disabled
2023-11-25T11:55:49.853+01:00  INFO 8093 --- [           main] o.s.o.j.p.SpringPersistenceUnitInfo      : No LoadTimeWeaver setup: ignoring JPA class transformer
2023-11-25T11:55:50.135+01:00  INFO 8093 --- [           main] o.h.e.t.j.p.i.JtaPlatformInitiator       : HHH000489: No JTA platform available (set 'hibernate.transaction.jta.platform' to enable JTA platform integration)
2023-11-25T11:55:50.142+01:00  INFO 8093 --- [           main] j.LocalContainerEntityManagerFactoryBean : Initialized JPA EntityManagerFactory for persistence unit 'default'
2023-11-25T11:55:50.325+01:00  WARN 8093 --- [           main] JpaBaseConfiguration$JpaWebConfiguration : spring.jpa.open-in-view is enabled by default. Therefore, database queries may be performed during view rendering. Explicitly configure spring.jpa.open-in-view to disable this warning
2023-11-25T11:55:50.821+01:00  INFO 8093 --- [           main] c.u.a.TpTeamsHandlingApiApplicationTests : Started TpTeamsHandlingApiApplicationTests in 3.469 seconds (process running for 4.647)
]]></system-out>
  </testcase>
</testsuite>